ARM GAS  /tmp/cchjpJJ4.s 			page 1


   1              		.cpu cortex-m3
   2              		.eabi_attribute 20, 1
   3              		.eabi_attribute 21, 1
   4              		.eabi_attribute 23, 3
   5              		.eabi_attribute 24, 1
   6              		.eabi_attribute 25, 1
   7              		.eabi_attribute 26, 1
   8              		.eabi_attribute 30, 1
   9              		.eabi_attribute 34, 1
  10              		.eabi_attribute 18, 4
  11              		.file	"printf_config.c"
  12              		.text
  13              	.Ltext0:
  14              		.cfi_sections	.debug_frame
  15              		.section	.text._write,"ax",%progbits
  16              		.align	1
  17              		.global	_write
  18              		.arch armv7-m
  19              		.syntax unified
  20              		.thumb
  21              		.thumb_func
  22              		.fpu softvfp
  24              	_write:
  25              	.LVL0:
  26              	.LFB68:
  27              		.file 1 "Core/Src/printf_config.c"
   1:Core/Src/printf_config.c **** #include "stm32f1xx_hal.h"
   2:Core/Src/printf_config.c **** 
   3:Core/Src/printf_config.c **** #ifdef STDIO_USB
   4:Core/Src/printf_config.c **** #include "usbd_cdc_if.h"
   5:Core/Src/printf_config.c **** 
   6:Core/Src/printf_config.c **** int _write(int file, char *data, int len)
   7:Core/Src/printf_config.c **** {
  28              		.loc 1 7 1 view -0
  29              		.cfi_startproc
  30              		@ args = 0, pretend = 0, frame = 0
  31              		@ frame_needed = 0, uses_anonymous_args = 0
  32              		.loc 1 7 1 is_stmt 0 view .LVU1
  33 0000 10B5     		push	{r4, lr}
  34              	.LCFI0:
  35              		.cfi_def_cfa_offset 8
  36              		.cfi_offset 4, -8
  37              		.cfi_offset 14, -4
  38 0002 0846     		mov	r0, r1
  39              	.LVL1:
  40              		.loc 1 7 1 view .LVU2
  41 0004 1446     		mov	r4, r2
   8:Core/Src/printf_config.c ****     CDC_Transmit_FS((uint8_t*)data, (uint16_t)len);
  42              		.loc 1 8 5 is_stmt 1 view .LVU3
  43 0006 91B2     		uxth	r1, r2
  44              	.LVL2:
  45              		.loc 1 8 5 is_stmt 0 view .LVU4
  46 0008 FFF7FEFF 		bl	CDC_Transmit_FS
  47              	.LVL3:
   9:Core/Src/printf_config.c ****     return len;
  48              		.loc 1 9 5 is_stmt 1 view .LVU5
  10:Core/Src/printf_config.c **** }
ARM GAS  /tmp/cchjpJJ4.s 			page 2


  49              		.loc 1 10 1 is_stmt 0 view .LVU6
  50 000c 2046     		mov	r0, r4
  51 000e 10BD     		pop	{r4, pc}
  52              		.loc 1 10 1 view .LVU7
  53              		.cfi_endproc
  54              	.LFE68:
  56              		.text
  57              	.Letext0:
  58              		.file 2 "/usr/lib/gcc/arm-none-eabi/10.3.1/include/stdint.h"
  59              		.file 3 "USB_DEVICE/App/usbd_cdc_if.h"
ARM GAS  /tmp/cchjpJJ4.s 			page 3


DEFINED SYMBOLS
                            *ABS*:0000000000000000 printf_config.c
     /tmp/cchjpJJ4.s:16     .text._write:0000000000000000 $t
     /tmp/cchjpJJ4.s:24     .text._write:0000000000000000 _write

UNDEFINED SYMBOLS
CDC_Transmit_FS
