ARM GAS  /tmp/ccE8QMbv.s 			page 1


   1              		.cpu cortex-m3
   2              		.eabi_attribute 20, 1
   3              		.eabi_attribute 21, 1
   4              		.eabi_attribute 23, 3
   5              		.eabi_attribute 24, 1
   6              		.eabi_attribute 25, 1
   7              		.eabi_attribute 26, 1
   8              		.eabi_attribute 30, 1
   9              		.eabi_attribute 34, 1
  10              		.eabi_attribute 18, 4
  11              		.file	"usbd_desc.c"
  12              		.text
  13              	.Ltext0:
  14              		.cfi_sections	.debug_frame
  15              		.section	.text.USBD_FS_DeviceDescriptor,"ax",%progbits
  16              		.align	1
  17              		.global	USBD_FS_DeviceDescriptor
  18              		.arch armv7-m
  19              		.syntax unified
  20              		.thumb
  21              		.thumb_func
  22              		.fpu softvfp
  24              	USBD_FS_DeviceDescriptor:
  25              	.LVL0:
  26              	.LFB68:
  27              		.file 1 "USB_DEVICE/App/usbd_desc.c"
   1:USB_DEVICE/App/usbd_desc.c **** /* USER CODE BEGIN Header */
   2:USB_DEVICE/App/usbd_desc.c **** /**
   3:USB_DEVICE/App/usbd_desc.c ****   ******************************************************************************
   4:USB_DEVICE/App/usbd_desc.c ****   * @file           : App/usbd_desc.c
   5:USB_DEVICE/App/usbd_desc.c ****   * @version        : v2.0_Cube
   6:USB_DEVICE/App/usbd_desc.c ****   * @brief          : This file implements the USB device descriptors.
   7:USB_DEVICE/App/usbd_desc.c ****   ******************************************************************************
   8:USB_DEVICE/App/usbd_desc.c ****   * @attention
   9:USB_DEVICE/App/usbd_desc.c ****   *
  10:USB_DEVICE/App/usbd_desc.c ****   * Copyright (c) 2024 STMicroelectronics.
  11:USB_DEVICE/App/usbd_desc.c ****   * All rights reserved.
  12:USB_DEVICE/App/usbd_desc.c ****   *
  13:USB_DEVICE/App/usbd_desc.c ****   * This software is licensed under terms that can be found in the LICENSE file
  14:USB_DEVICE/App/usbd_desc.c ****   * in the root directory of this software component.
  15:USB_DEVICE/App/usbd_desc.c ****   * If no LICENSE file comes with this software, it is provided AS-IS.
  16:USB_DEVICE/App/usbd_desc.c ****   *
  17:USB_DEVICE/App/usbd_desc.c ****   ******************************************************************************
  18:USB_DEVICE/App/usbd_desc.c ****   */
  19:USB_DEVICE/App/usbd_desc.c **** /* USER CODE END Header */
  20:USB_DEVICE/App/usbd_desc.c **** 
  21:USB_DEVICE/App/usbd_desc.c **** /* Includes ------------------------------------------------------------------*/
  22:USB_DEVICE/App/usbd_desc.c **** #include "usbd_core.h"
  23:USB_DEVICE/App/usbd_desc.c **** #include "usbd_desc.h"
  24:USB_DEVICE/App/usbd_desc.c **** #include "usbd_conf.h"
  25:USB_DEVICE/App/usbd_desc.c **** 
  26:USB_DEVICE/App/usbd_desc.c **** /* USER CODE BEGIN INCLUDE */
  27:USB_DEVICE/App/usbd_desc.c **** 
  28:USB_DEVICE/App/usbd_desc.c **** /* USER CODE END INCLUDE */
  29:USB_DEVICE/App/usbd_desc.c **** 
  30:USB_DEVICE/App/usbd_desc.c **** /* Private typedef -----------------------------------------------------------*/
  31:USB_DEVICE/App/usbd_desc.c **** /* Private define ------------------------------------------------------------*/
ARM GAS  /tmp/ccE8QMbv.s 			page 2


  32:USB_DEVICE/App/usbd_desc.c **** /* Private macro -------------------------------------------------------------*/
  33:USB_DEVICE/App/usbd_desc.c **** 
  34:USB_DEVICE/App/usbd_desc.c **** /* USER CODE BEGIN PV */
  35:USB_DEVICE/App/usbd_desc.c **** /* Private variables ---------------------------------------------------------*/
  36:USB_DEVICE/App/usbd_desc.c **** 
  37:USB_DEVICE/App/usbd_desc.c **** /* USER CODE END PV */
  38:USB_DEVICE/App/usbd_desc.c **** 
  39:USB_DEVICE/App/usbd_desc.c **** /** @addtogroup STM32_USB_OTG_DEVICE_LIBRARY
  40:USB_DEVICE/App/usbd_desc.c ****   * @{
  41:USB_DEVICE/App/usbd_desc.c ****   */
  42:USB_DEVICE/App/usbd_desc.c **** 
  43:USB_DEVICE/App/usbd_desc.c **** /** @addtogroup USBD_DESC
  44:USB_DEVICE/App/usbd_desc.c ****   * @{
  45:USB_DEVICE/App/usbd_desc.c ****   */
  46:USB_DEVICE/App/usbd_desc.c **** 
  47:USB_DEVICE/App/usbd_desc.c **** /** @defgroup USBD_DESC_Private_TypesDefinitions USBD_DESC_Private_TypesDefinitions
  48:USB_DEVICE/App/usbd_desc.c ****   * @brief Private types.
  49:USB_DEVICE/App/usbd_desc.c ****   * @{
  50:USB_DEVICE/App/usbd_desc.c ****   */
  51:USB_DEVICE/App/usbd_desc.c **** 
  52:USB_DEVICE/App/usbd_desc.c **** /* USER CODE BEGIN PRIVATE_TYPES */
  53:USB_DEVICE/App/usbd_desc.c **** 
  54:USB_DEVICE/App/usbd_desc.c **** /* USER CODE END PRIVATE_TYPES */
  55:USB_DEVICE/App/usbd_desc.c **** 
  56:USB_DEVICE/App/usbd_desc.c **** /**
  57:USB_DEVICE/App/usbd_desc.c ****   * @}
  58:USB_DEVICE/App/usbd_desc.c ****   */
  59:USB_DEVICE/App/usbd_desc.c **** 
  60:USB_DEVICE/App/usbd_desc.c **** /** @defgroup USBD_DESC_Private_Defines USBD_DESC_Private_Defines
  61:USB_DEVICE/App/usbd_desc.c ****   * @brief Private defines.
  62:USB_DEVICE/App/usbd_desc.c ****   * @{
  63:USB_DEVICE/App/usbd_desc.c ****   */
  64:USB_DEVICE/App/usbd_desc.c **** 
  65:USB_DEVICE/App/usbd_desc.c **** #define USBD_VID     1155
  66:USB_DEVICE/App/usbd_desc.c **** #define USBD_LANGID_STRING     1033
  67:USB_DEVICE/App/usbd_desc.c **** #define USBD_MANUFACTURER_STRING     "freepill"
  68:USB_DEVICE/App/usbd_desc.c **** #define USBD_PID_FS     22336
  69:USB_DEVICE/App/usbd_desc.c **** #define USBD_PRODUCT_STRING_FS     "STM32 Virtual ComPort"
  70:USB_DEVICE/App/usbd_desc.c **** #define USBD_CONFIGURATION_STRING_FS     "CDC Config"
  71:USB_DEVICE/App/usbd_desc.c **** #define USBD_INTERFACE_STRING_FS     "CDC Interface"
  72:USB_DEVICE/App/usbd_desc.c **** 
  73:USB_DEVICE/App/usbd_desc.c **** /* USER CODE BEGIN PRIVATE_DEFINES */
  74:USB_DEVICE/App/usbd_desc.c **** 
  75:USB_DEVICE/App/usbd_desc.c **** /* USER CODE END PRIVATE_DEFINES */
  76:USB_DEVICE/App/usbd_desc.c **** 
  77:USB_DEVICE/App/usbd_desc.c **** /**
  78:USB_DEVICE/App/usbd_desc.c ****   * @}
  79:USB_DEVICE/App/usbd_desc.c ****   */
  80:USB_DEVICE/App/usbd_desc.c **** 
  81:USB_DEVICE/App/usbd_desc.c **** /* USER CODE BEGIN 0 */
  82:USB_DEVICE/App/usbd_desc.c **** 
  83:USB_DEVICE/App/usbd_desc.c **** /* USER CODE END 0 */
  84:USB_DEVICE/App/usbd_desc.c **** 
  85:USB_DEVICE/App/usbd_desc.c **** /** @defgroup USBD_DESC_Private_Macros USBD_DESC_Private_Macros
  86:USB_DEVICE/App/usbd_desc.c ****   * @brief Private macros.
  87:USB_DEVICE/App/usbd_desc.c ****   * @{
  88:USB_DEVICE/App/usbd_desc.c ****   */
ARM GAS  /tmp/ccE8QMbv.s 			page 3


  89:USB_DEVICE/App/usbd_desc.c **** 
  90:USB_DEVICE/App/usbd_desc.c **** /* USER CODE BEGIN PRIVATE_MACRO */
  91:USB_DEVICE/App/usbd_desc.c **** 
  92:USB_DEVICE/App/usbd_desc.c **** /* USER CODE END PRIVATE_MACRO */
  93:USB_DEVICE/App/usbd_desc.c **** 
  94:USB_DEVICE/App/usbd_desc.c **** /**
  95:USB_DEVICE/App/usbd_desc.c ****   * @}
  96:USB_DEVICE/App/usbd_desc.c ****   */
  97:USB_DEVICE/App/usbd_desc.c **** 
  98:USB_DEVICE/App/usbd_desc.c **** /** @defgroup USBD_DESC_Private_FunctionPrototypes USBD_DESC_Private_FunctionPrototypes
  99:USB_DEVICE/App/usbd_desc.c ****   * @brief Private functions declaration.
 100:USB_DEVICE/App/usbd_desc.c ****   * @{
 101:USB_DEVICE/App/usbd_desc.c ****   */
 102:USB_DEVICE/App/usbd_desc.c **** 
 103:USB_DEVICE/App/usbd_desc.c **** static void Get_SerialNum(void);
 104:USB_DEVICE/App/usbd_desc.c **** static void IntToUnicode(uint32_t value, uint8_t * pbuf, uint8_t len);
 105:USB_DEVICE/App/usbd_desc.c **** 
 106:USB_DEVICE/App/usbd_desc.c **** /**
 107:USB_DEVICE/App/usbd_desc.c ****   * @}
 108:USB_DEVICE/App/usbd_desc.c ****   */
 109:USB_DEVICE/App/usbd_desc.c **** 
 110:USB_DEVICE/App/usbd_desc.c **** /** @defgroup USBD_DESC_Private_FunctionPrototypes USBD_DESC_Private_FunctionPrototypes
 111:USB_DEVICE/App/usbd_desc.c ****   * @brief Private functions declaration for FS.
 112:USB_DEVICE/App/usbd_desc.c ****   * @{
 113:USB_DEVICE/App/usbd_desc.c ****   */
 114:USB_DEVICE/App/usbd_desc.c **** 
 115:USB_DEVICE/App/usbd_desc.c **** uint8_t * USBD_FS_DeviceDescriptor(USBD_SpeedTypeDef speed, uint16_t *length);
 116:USB_DEVICE/App/usbd_desc.c **** uint8_t * USBD_FS_LangIDStrDescriptor(USBD_SpeedTypeDef speed, uint16_t *length);
 117:USB_DEVICE/App/usbd_desc.c **** uint8_t * USBD_FS_ManufacturerStrDescriptor(USBD_SpeedTypeDef speed, uint16_t *length);
 118:USB_DEVICE/App/usbd_desc.c **** uint8_t * USBD_FS_ProductStrDescriptor(USBD_SpeedTypeDef speed, uint16_t *length);
 119:USB_DEVICE/App/usbd_desc.c **** uint8_t * USBD_FS_SerialStrDescriptor(USBD_SpeedTypeDef speed, uint16_t *length);
 120:USB_DEVICE/App/usbd_desc.c **** uint8_t * USBD_FS_ConfigStrDescriptor(USBD_SpeedTypeDef speed, uint16_t *length);
 121:USB_DEVICE/App/usbd_desc.c **** uint8_t * USBD_FS_InterfaceStrDescriptor(USBD_SpeedTypeDef speed, uint16_t *length);
 122:USB_DEVICE/App/usbd_desc.c **** 
 123:USB_DEVICE/App/usbd_desc.c **** /**
 124:USB_DEVICE/App/usbd_desc.c ****   * @}
 125:USB_DEVICE/App/usbd_desc.c ****   */
 126:USB_DEVICE/App/usbd_desc.c **** 
 127:USB_DEVICE/App/usbd_desc.c **** /** @defgroup USBD_DESC_Private_Variables USBD_DESC_Private_Variables
 128:USB_DEVICE/App/usbd_desc.c ****   * @brief Private variables.
 129:USB_DEVICE/App/usbd_desc.c ****   * @{
 130:USB_DEVICE/App/usbd_desc.c ****   */
 131:USB_DEVICE/App/usbd_desc.c **** 
 132:USB_DEVICE/App/usbd_desc.c **** USBD_DescriptorsTypeDef FS_Desc =
 133:USB_DEVICE/App/usbd_desc.c **** {
 134:USB_DEVICE/App/usbd_desc.c ****   USBD_FS_DeviceDescriptor
 135:USB_DEVICE/App/usbd_desc.c **** , USBD_FS_LangIDStrDescriptor
 136:USB_DEVICE/App/usbd_desc.c **** , USBD_FS_ManufacturerStrDescriptor
 137:USB_DEVICE/App/usbd_desc.c **** , USBD_FS_ProductStrDescriptor
 138:USB_DEVICE/App/usbd_desc.c **** , USBD_FS_SerialStrDescriptor
 139:USB_DEVICE/App/usbd_desc.c **** , USBD_FS_ConfigStrDescriptor
 140:USB_DEVICE/App/usbd_desc.c **** , USBD_FS_InterfaceStrDescriptor
 141:USB_DEVICE/App/usbd_desc.c **** };
 142:USB_DEVICE/App/usbd_desc.c **** 
 143:USB_DEVICE/App/usbd_desc.c **** #if defined ( __ICCARM__ ) /* IAR Compiler */
 144:USB_DEVICE/App/usbd_desc.c ****   #pragma data_alignment=4
 145:USB_DEVICE/App/usbd_desc.c **** #endif /* defined ( __ICCARM__ ) */
ARM GAS  /tmp/ccE8QMbv.s 			page 4


 146:USB_DEVICE/App/usbd_desc.c **** /** USB standard device descriptor. */
 147:USB_DEVICE/App/usbd_desc.c **** __ALIGN_BEGIN uint8_t USBD_FS_DeviceDesc[USB_LEN_DEV_DESC] __ALIGN_END =
 148:USB_DEVICE/App/usbd_desc.c **** {
 149:USB_DEVICE/App/usbd_desc.c ****   0x12,                       /*bLength */
 150:USB_DEVICE/App/usbd_desc.c ****   USB_DESC_TYPE_DEVICE,       /*bDescriptorType*/
 151:USB_DEVICE/App/usbd_desc.c ****   0x00,                       /*bcdUSB */
 152:USB_DEVICE/App/usbd_desc.c ****   0x02,
 153:USB_DEVICE/App/usbd_desc.c ****   0x02,                       /*bDeviceClass*/
 154:USB_DEVICE/App/usbd_desc.c ****   0x02,                       /*bDeviceSubClass*/
 155:USB_DEVICE/App/usbd_desc.c ****   0x00,                       /*bDeviceProtocol*/
 156:USB_DEVICE/App/usbd_desc.c ****   USB_MAX_EP0_SIZE,           /*bMaxPacketSize*/
 157:USB_DEVICE/App/usbd_desc.c ****   LOBYTE(USBD_VID),           /*idVendor*/
 158:USB_DEVICE/App/usbd_desc.c ****   HIBYTE(USBD_VID),           /*idVendor*/
 159:USB_DEVICE/App/usbd_desc.c ****   LOBYTE(USBD_PID_FS),        /*idProduct*/
 160:USB_DEVICE/App/usbd_desc.c ****   HIBYTE(USBD_PID_FS),        /*idProduct*/
 161:USB_DEVICE/App/usbd_desc.c ****   0x00,                       /*bcdDevice rel. 2.00*/
 162:USB_DEVICE/App/usbd_desc.c ****   0x02,
 163:USB_DEVICE/App/usbd_desc.c ****   USBD_IDX_MFC_STR,           /*Index of manufacturer  string*/
 164:USB_DEVICE/App/usbd_desc.c ****   USBD_IDX_PRODUCT_STR,       /*Index of product string*/
 165:USB_DEVICE/App/usbd_desc.c ****   USBD_IDX_SERIAL_STR,        /*Index of serial number string*/
 166:USB_DEVICE/App/usbd_desc.c ****   USBD_MAX_NUM_CONFIGURATION  /*bNumConfigurations*/
 167:USB_DEVICE/App/usbd_desc.c **** };
 168:USB_DEVICE/App/usbd_desc.c **** 
 169:USB_DEVICE/App/usbd_desc.c **** /* USB_DeviceDescriptor */
 170:USB_DEVICE/App/usbd_desc.c **** 
 171:USB_DEVICE/App/usbd_desc.c **** /**
 172:USB_DEVICE/App/usbd_desc.c ****   * @}
 173:USB_DEVICE/App/usbd_desc.c ****   */
 174:USB_DEVICE/App/usbd_desc.c **** 
 175:USB_DEVICE/App/usbd_desc.c **** /** @defgroup USBD_DESC_Private_Variables USBD_DESC_Private_Variables
 176:USB_DEVICE/App/usbd_desc.c ****   * @brief Private variables.
 177:USB_DEVICE/App/usbd_desc.c ****   * @{
 178:USB_DEVICE/App/usbd_desc.c ****   */
 179:USB_DEVICE/App/usbd_desc.c **** 
 180:USB_DEVICE/App/usbd_desc.c **** #if defined ( __ICCARM__ ) /* IAR Compiler */
 181:USB_DEVICE/App/usbd_desc.c ****   #pragma data_alignment=4
 182:USB_DEVICE/App/usbd_desc.c **** #endif /* defined ( __ICCARM__ ) */
 183:USB_DEVICE/App/usbd_desc.c **** 
 184:USB_DEVICE/App/usbd_desc.c **** /** USB lang identifier descriptor. */
 185:USB_DEVICE/App/usbd_desc.c **** __ALIGN_BEGIN uint8_t USBD_LangIDDesc[USB_LEN_LANGID_STR_DESC] __ALIGN_END =
 186:USB_DEVICE/App/usbd_desc.c **** {
 187:USB_DEVICE/App/usbd_desc.c ****      USB_LEN_LANGID_STR_DESC,
 188:USB_DEVICE/App/usbd_desc.c ****      USB_DESC_TYPE_STRING,
 189:USB_DEVICE/App/usbd_desc.c ****      LOBYTE(USBD_LANGID_STRING),
 190:USB_DEVICE/App/usbd_desc.c ****      HIBYTE(USBD_LANGID_STRING)
 191:USB_DEVICE/App/usbd_desc.c **** };
 192:USB_DEVICE/App/usbd_desc.c **** 
 193:USB_DEVICE/App/usbd_desc.c **** #if defined ( __ICCARM__ ) /* IAR Compiler */
 194:USB_DEVICE/App/usbd_desc.c ****   #pragma data_alignment=4
 195:USB_DEVICE/App/usbd_desc.c **** #endif /* defined ( __ICCARM__ ) */
 196:USB_DEVICE/App/usbd_desc.c **** /* Internal string descriptor. */
 197:USB_DEVICE/App/usbd_desc.c **** __ALIGN_BEGIN uint8_t USBD_StrDesc[USBD_MAX_STR_DESC_SIZ] __ALIGN_END;
 198:USB_DEVICE/App/usbd_desc.c **** 
 199:USB_DEVICE/App/usbd_desc.c **** #if defined ( __ICCARM__ ) /*!< IAR Compiler */
 200:USB_DEVICE/App/usbd_desc.c ****   #pragma data_alignment=4
 201:USB_DEVICE/App/usbd_desc.c **** #endif
 202:USB_DEVICE/App/usbd_desc.c **** __ALIGN_BEGIN uint8_t USBD_StringSerial[USB_SIZ_STRING_SERIAL] __ALIGN_END = {
ARM GAS  /tmp/ccE8QMbv.s 			page 5


 203:USB_DEVICE/App/usbd_desc.c ****   USB_SIZ_STRING_SERIAL,
 204:USB_DEVICE/App/usbd_desc.c ****   USB_DESC_TYPE_STRING,
 205:USB_DEVICE/App/usbd_desc.c **** };
 206:USB_DEVICE/App/usbd_desc.c **** 
 207:USB_DEVICE/App/usbd_desc.c **** /**
 208:USB_DEVICE/App/usbd_desc.c ****   * @}
 209:USB_DEVICE/App/usbd_desc.c ****   */
 210:USB_DEVICE/App/usbd_desc.c **** 
 211:USB_DEVICE/App/usbd_desc.c **** /** @defgroup USBD_DESC_Private_Functions USBD_DESC_Private_Functions
 212:USB_DEVICE/App/usbd_desc.c ****   * @brief Private functions.
 213:USB_DEVICE/App/usbd_desc.c ****   * @{
 214:USB_DEVICE/App/usbd_desc.c ****   */
 215:USB_DEVICE/App/usbd_desc.c **** 
 216:USB_DEVICE/App/usbd_desc.c **** /**
 217:USB_DEVICE/App/usbd_desc.c ****   * @brief  Return the device descriptor
 218:USB_DEVICE/App/usbd_desc.c ****   * @param  speed : Current device speed
 219:USB_DEVICE/App/usbd_desc.c ****   * @param  length : Pointer to data length variable
 220:USB_DEVICE/App/usbd_desc.c ****   * @retval Pointer to descriptor buffer
 221:USB_DEVICE/App/usbd_desc.c ****   */
 222:USB_DEVICE/App/usbd_desc.c **** uint8_t * USBD_FS_DeviceDescriptor(USBD_SpeedTypeDef speed, uint16_t *length)
 223:USB_DEVICE/App/usbd_desc.c **** {
  28              		.loc 1 223 1 view -0
  29              		.cfi_startproc
  30              		@ args = 0, pretend = 0, frame = 0
  31              		@ frame_needed = 0, uses_anonymous_args = 0
  32              		@ link register save eliminated.
 224:USB_DEVICE/App/usbd_desc.c ****   UNUSED(speed);
  33              		.loc 1 224 3 view .LVU1
 225:USB_DEVICE/App/usbd_desc.c ****   *length = sizeof(USBD_FS_DeviceDesc);
  34              		.loc 1 225 3 view .LVU2
  35              		.loc 1 225 11 is_stmt 0 view .LVU3
  36 0000 1223     		movs	r3, #18
  37 0002 0B80     		strh	r3, [r1]	@ movhi
 226:USB_DEVICE/App/usbd_desc.c ****   return USBD_FS_DeviceDesc;
  38              		.loc 1 226 3 is_stmt 1 view .LVU4
 227:USB_DEVICE/App/usbd_desc.c **** }
  39              		.loc 1 227 1 is_stmt 0 view .LVU5
  40 0004 0048     		ldr	r0, .L2
  41              	.LVL1:
  42              		.loc 1 227 1 view .LVU6
  43 0006 7047     		bx	lr
  44              	.L3:
  45              		.align	2
  46              	.L2:
  47 0008 00000000 		.word	.LANCHOR0
  48              		.cfi_endproc
  49              	.LFE68:
  51              		.section	.text.USBD_FS_LangIDStrDescriptor,"ax",%progbits
  52              		.align	1
  53              		.global	USBD_FS_LangIDStrDescriptor
  54              		.syntax unified
  55              		.thumb
  56              		.thumb_func
  57              		.fpu softvfp
  59              	USBD_FS_LangIDStrDescriptor:
  60              	.LVL2:
  61              	.LFB69:
ARM GAS  /tmp/ccE8QMbv.s 			page 6


 228:USB_DEVICE/App/usbd_desc.c **** 
 229:USB_DEVICE/App/usbd_desc.c **** /**
 230:USB_DEVICE/App/usbd_desc.c ****   * @brief  Return the LangID string descriptor
 231:USB_DEVICE/App/usbd_desc.c ****   * @param  speed : Current device speed
 232:USB_DEVICE/App/usbd_desc.c ****   * @param  length : Pointer to data length variable
 233:USB_DEVICE/App/usbd_desc.c ****   * @retval Pointer to descriptor buffer
 234:USB_DEVICE/App/usbd_desc.c ****   */
 235:USB_DEVICE/App/usbd_desc.c **** uint8_t * USBD_FS_LangIDStrDescriptor(USBD_SpeedTypeDef speed, uint16_t *length)
 236:USB_DEVICE/App/usbd_desc.c **** {
  62              		.loc 1 236 1 is_stmt 1 view -0
  63              		.cfi_startproc
  64              		@ args = 0, pretend = 0, frame = 0
  65              		@ frame_needed = 0, uses_anonymous_args = 0
  66              		@ link register save eliminated.
 237:USB_DEVICE/App/usbd_desc.c ****   UNUSED(speed);
  67              		.loc 1 237 3 view .LVU8
 238:USB_DEVICE/App/usbd_desc.c ****   *length = sizeof(USBD_LangIDDesc);
  68              		.loc 1 238 3 view .LVU9
  69              		.loc 1 238 11 is_stmt 0 view .LVU10
  70 0000 0423     		movs	r3, #4
  71 0002 0B80     		strh	r3, [r1]	@ movhi
 239:USB_DEVICE/App/usbd_desc.c ****   return USBD_LangIDDesc;
  72              		.loc 1 239 3 is_stmt 1 view .LVU11
 240:USB_DEVICE/App/usbd_desc.c **** }
  73              		.loc 1 240 1 is_stmt 0 view .LVU12
  74 0004 0048     		ldr	r0, .L5
  75              	.LVL3:
  76              		.loc 1 240 1 view .LVU13
  77 0006 7047     		bx	lr
  78              	.L6:
  79              		.align	2
  80              	.L5:
  81 0008 00000000 		.word	.LANCHOR1
  82              		.cfi_endproc
  83              	.LFE69:
  85              		.section	.text.IntToUnicode,"ax",%progbits
  86              		.align	1
  87              		.syntax unified
  88              		.thumb
  89              		.thumb_func
  90              		.fpu softvfp
  92              	IntToUnicode:
  93              	.LVL4:
  94              	.LFB76:
 241:USB_DEVICE/App/usbd_desc.c **** 
 242:USB_DEVICE/App/usbd_desc.c **** /**
 243:USB_DEVICE/App/usbd_desc.c ****   * @brief  Return the product string descriptor
 244:USB_DEVICE/App/usbd_desc.c ****   * @param  speed : Current device speed
 245:USB_DEVICE/App/usbd_desc.c ****   * @param  length : Pointer to data length variable
 246:USB_DEVICE/App/usbd_desc.c ****   * @retval Pointer to descriptor buffer
 247:USB_DEVICE/App/usbd_desc.c ****   */
 248:USB_DEVICE/App/usbd_desc.c **** uint8_t * USBD_FS_ProductStrDescriptor(USBD_SpeedTypeDef speed, uint16_t *length)
 249:USB_DEVICE/App/usbd_desc.c **** {
 250:USB_DEVICE/App/usbd_desc.c ****   if(speed == 0)
 251:USB_DEVICE/App/usbd_desc.c ****   {
 252:USB_DEVICE/App/usbd_desc.c ****     USBD_GetString((uint8_t *)USBD_PRODUCT_STRING_FS, USBD_StrDesc, length);
 253:USB_DEVICE/App/usbd_desc.c ****   }
ARM GAS  /tmp/ccE8QMbv.s 			page 7


 254:USB_DEVICE/App/usbd_desc.c ****   else
 255:USB_DEVICE/App/usbd_desc.c ****   {
 256:USB_DEVICE/App/usbd_desc.c ****     USBD_GetString((uint8_t *)USBD_PRODUCT_STRING_FS, USBD_StrDesc, length);
 257:USB_DEVICE/App/usbd_desc.c ****   }
 258:USB_DEVICE/App/usbd_desc.c ****   return USBD_StrDesc;
 259:USB_DEVICE/App/usbd_desc.c **** }
 260:USB_DEVICE/App/usbd_desc.c **** 
 261:USB_DEVICE/App/usbd_desc.c **** /**
 262:USB_DEVICE/App/usbd_desc.c ****   * @brief  Return the manufacturer string descriptor
 263:USB_DEVICE/App/usbd_desc.c ****   * @param  speed : Current device speed
 264:USB_DEVICE/App/usbd_desc.c ****   * @param  length : Pointer to data length variable
 265:USB_DEVICE/App/usbd_desc.c ****   * @retval Pointer to descriptor buffer
 266:USB_DEVICE/App/usbd_desc.c ****   */
 267:USB_DEVICE/App/usbd_desc.c **** uint8_t * USBD_FS_ManufacturerStrDescriptor(USBD_SpeedTypeDef speed, uint16_t *length)
 268:USB_DEVICE/App/usbd_desc.c **** {
 269:USB_DEVICE/App/usbd_desc.c ****   UNUSED(speed);
 270:USB_DEVICE/App/usbd_desc.c ****   USBD_GetString((uint8_t *)USBD_MANUFACTURER_STRING, USBD_StrDesc, length);
 271:USB_DEVICE/App/usbd_desc.c ****   return USBD_StrDesc;
 272:USB_DEVICE/App/usbd_desc.c **** }
 273:USB_DEVICE/App/usbd_desc.c **** 
 274:USB_DEVICE/App/usbd_desc.c **** /**
 275:USB_DEVICE/App/usbd_desc.c ****   * @brief  Return the serial number string descriptor
 276:USB_DEVICE/App/usbd_desc.c ****   * @param  speed : Current device speed
 277:USB_DEVICE/App/usbd_desc.c ****   * @param  length : Pointer to data length variable
 278:USB_DEVICE/App/usbd_desc.c ****   * @retval Pointer to descriptor buffer
 279:USB_DEVICE/App/usbd_desc.c ****   */
 280:USB_DEVICE/App/usbd_desc.c **** uint8_t * USBD_FS_SerialStrDescriptor(USBD_SpeedTypeDef speed, uint16_t *length)
 281:USB_DEVICE/App/usbd_desc.c **** {
 282:USB_DEVICE/App/usbd_desc.c ****   UNUSED(speed);
 283:USB_DEVICE/App/usbd_desc.c ****   *length = USB_SIZ_STRING_SERIAL;
 284:USB_DEVICE/App/usbd_desc.c **** 
 285:USB_DEVICE/App/usbd_desc.c ****   /* Update the serial number string descriptor with the data from the unique
 286:USB_DEVICE/App/usbd_desc.c ****    * ID */
 287:USB_DEVICE/App/usbd_desc.c ****   Get_SerialNum();
 288:USB_DEVICE/App/usbd_desc.c ****   /* USER CODE BEGIN USBD_FS_SerialStrDescriptor */
 289:USB_DEVICE/App/usbd_desc.c **** 
 290:USB_DEVICE/App/usbd_desc.c ****   /* USER CODE END USBD_FS_SerialStrDescriptor */
 291:USB_DEVICE/App/usbd_desc.c ****   return (uint8_t *) USBD_StringSerial;
 292:USB_DEVICE/App/usbd_desc.c **** }
 293:USB_DEVICE/App/usbd_desc.c **** 
 294:USB_DEVICE/App/usbd_desc.c **** /**
 295:USB_DEVICE/App/usbd_desc.c ****   * @brief  Return the configuration string descriptor
 296:USB_DEVICE/App/usbd_desc.c ****   * @param  speed : Current device speed
 297:USB_DEVICE/App/usbd_desc.c ****   * @param  length : Pointer to data length variable
 298:USB_DEVICE/App/usbd_desc.c ****   * @retval Pointer to descriptor buffer
 299:USB_DEVICE/App/usbd_desc.c ****   */
 300:USB_DEVICE/App/usbd_desc.c **** uint8_t * USBD_FS_ConfigStrDescriptor(USBD_SpeedTypeDef speed, uint16_t *length)
 301:USB_DEVICE/App/usbd_desc.c **** {
 302:USB_DEVICE/App/usbd_desc.c ****   if(speed == USBD_SPEED_HIGH)
 303:USB_DEVICE/App/usbd_desc.c ****   {
 304:USB_DEVICE/App/usbd_desc.c ****     USBD_GetString((uint8_t *)USBD_CONFIGURATION_STRING_FS, USBD_StrDesc, length);
 305:USB_DEVICE/App/usbd_desc.c ****   }
 306:USB_DEVICE/App/usbd_desc.c ****   else
 307:USB_DEVICE/App/usbd_desc.c ****   {
 308:USB_DEVICE/App/usbd_desc.c ****     USBD_GetString((uint8_t *)USBD_CONFIGURATION_STRING_FS, USBD_StrDesc, length);
 309:USB_DEVICE/App/usbd_desc.c ****   }
 310:USB_DEVICE/App/usbd_desc.c ****   return USBD_StrDesc;
ARM GAS  /tmp/ccE8QMbv.s 			page 8


 311:USB_DEVICE/App/usbd_desc.c **** }
 312:USB_DEVICE/App/usbd_desc.c **** 
 313:USB_DEVICE/App/usbd_desc.c **** /**
 314:USB_DEVICE/App/usbd_desc.c ****   * @brief  Return the interface string descriptor
 315:USB_DEVICE/App/usbd_desc.c ****   * @param  speed : Current device speed
 316:USB_DEVICE/App/usbd_desc.c ****   * @param  length : Pointer to data length variable
 317:USB_DEVICE/App/usbd_desc.c ****   * @retval Pointer to descriptor buffer
 318:USB_DEVICE/App/usbd_desc.c ****   */
 319:USB_DEVICE/App/usbd_desc.c **** uint8_t * USBD_FS_InterfaceStrDescriptor(USBD_SpeedTypeDef speed, uint16_t *length)
 320:USB_DEVICE/App/usbd_desc.c **** {
 321:USB_DEVICE/App/usbd_desc.c ****   if(speed == 0)
 322:USB_DEVICE/App/usbd_desc.c ****   {
 323:USB_DEVICE/App/usbd_desc.c ****     USBD_GetString((uint8_t *)USBD_INTERFACE_STRING_FS, USBD_StrDesc, length);
 324:USB_DEVICE/App/usbd_desc.c ****   }
 325:USB_DEVICE/App/usbd_desc.c ****   else
 326:USB_DEVICE/App/usbd_desc.c ****   {
 327:USB_DEVICE/App/usbd_desc.c ****     USBD_GetString((uint8_t *)USBD_INTERFACE_STRING_FS, USBD_StrDesc, length);
 328:USB_DEVICE/App/usbd_desc.c ****   }
 329:USB_DEVICE/App/usbd_desc.c ****   return USBD_StrDesc;
 330:USB_DEVICE/App/usbd_desc.c **** }
 331:USB_DEVICE/App/usbd_desc.c **** 
 332:USB_DEVICE/App/usbd_desc.c **** /**
 333:USB_DEVICE/App/usbd_desc.c ****   * @brief  Create the serial number string descriptor
 334:USB_DEVICE/App/usbd_desc.c ****   * @param  None
 335:USB_DEVICE/App/usbd_desc.c ****   * @retval None
 336:USB_DEVICE/App/usbd_desc.c ****   */
 337:USB_DEVICE/App/usbd_desc.c **** static void Get_SerialNum(void)
 338:USB_DEVICE/App/usbd_desc.c **** {
 339:USB_DEVICE/App/usbd_desc.c ****   uint32_t deviceserial0;
 340:USB_DEVICE/App/usbd_desc.c ****   uint32_t deviceserial1;
 341:USB_DEVICE/App/usbd_desc.c ****   uint32_t deviceserial2;
 342:USB_DEVICE/App/usbd_desc.c **** 
 343:USB_DEVICE/App/usbd_desc.c ****   deviceserial0 = *(uint32_t *) DEVICE_ID1;
 344:USB_DEVICE/App/usbd_desc.c ****   deviceserial1 = *(uint32_t *) DEVICE_ID2;
 345:USB_DEVICE/App/usbd_desc.c ****   deviceserial2 = *(uint32_t *) DEVICE_ID3;
 346:USB_DEVICE/App/usbd_desc.c **** 
 347:USB_DEVICE/App/usbd_desc.c ****   deviceserial0 += deviceserial2;
 348:USB_DEVICE/App/usbd_desc.c **** 
 349:USB_DEVICE/App/usbd_desc.c ****   if (deviceserial0 != 0)
 350:USB_DEVICE/App/usbd_desc.c ****   {
 351:USB_DEVICE/App/usbd_desc.c ****     IntToUnicode(deviceserial0, &USBD_StringSerial[2], 8);
 352:USB_DEVICE/App/usbd_desc.c ****     IntToUnicode(deviceserial1, &USBD_StringSerial[18], 4);
 353:USB_DEVICE/App/usbd_desc.c ****   }
 354:USB_DEVICE/App/usbd_desc.c **** }
 355:USB_DEVICE/App/usbd_desc.c **** 
 356:USB_DEVICE/App/usbd_desc.c **** /**
 357:USB_DEVICE/App/usbd_desc.c ****   * @brief  Convert Hex 32Bits value into char
 358:USB_DEVICE/App/usbd_desc.c ****   * @param  value: value to convert
 359:USB_DEVICE/App/usbd_desc.c ****   * @param  pbuf: pointer to the buffer
 360:USB_DEVICE/App/usbd_desc.c ****   * @param  len: buffer length
 361:USB_DEVICE/App/usbd_desc.c ****   * @retval None
 362:USB_DEVICE/App/usbd_desc.c ****   */
 363:USB_DEVICE/App/usbd_desc.c **** static void IntToUnicode(uint32_t value, uint8_t * pbuf, uint8_t len)
 364:USB_DEVICE/App/usbd_desc.c **** {
  95              		.loc 1 364 1 is_stmt 1 view -0
  96              		.cfi_startproc
  97              		@ args = 0, pretend = 0, frame = 0
ARM GAS  /tmp/ccE8QMbv.s 			page 9


  98              		@ frame_needed = 0, uses_anonymous_args = 0
 365:USB_DEVICE/App/usbd_desc.c ****   uint8_t idx = 0;
  99              		.loc 1 365 3 view .LVU15
 366:USB_DEVICE/App/usbd_desc.c **** 
 367:USB_DEVICE/App/usbd_desc.c ****   for (idx = 0; idx < len; idx++)
 100              		.loc 1 367 3 view .LVU16
 101              		.loc 1 367 12 is_stmt 0 view .LVU17
 102 0000 0023     		movs	r3, #0
 103              	.LVL5:
 104              		.loc 1 367 17 is_stmt 1 view .LVU18
 105              		.loc 1 367 3 is_stmt 0 view .LVU19
 106 0002 9342     		cmp	r3, r2
 107 0004 1ED2     		bcs	.L15
 364:USB_DEVICE/App/usbd_desc.c ****   uint8_t idx = 0;
 108              		.loc 1 364 1 view .LVU20
 109 0006 00B5     		push	{lr}
 110              	.LCFI0:
 111              		.cfi_def_cfa_offset 4
 112              		.cfi_offset 14, -4
 113 0008 10E0     		b	.L11
 114              	.L9:
 368:USB_DEVICE/App/usbd_desc.c ****   {
 369:USB_DEVICE/App/usbd_desc.c ****     if (((value >> 28)) < 0xA)
 370:USB_DEVICE/App/usbd_desc.c ****     {
 371:USB_DEVICE/App/usbd_desc.c ****       pbuf[2 * idx] = (value >> 28) + '0';
 372:USB_DEVICE/App/usbd_desc.c ****     }
 373:USB_DEVICE/App/usbd_desc.c ****     else
 374:USB_DEVICE/App/usbd_desc.c ****     {
 375:USB_DEVICE/App/usbd_desc.c ****       pbuf[2 * idx] = (value >> 28) + 'A' - 10;
 115              		.loc 1 375 7 is_stmt 1 view .LVU21
 116              		.loc 1 375 43 is_stmt 0 view .LVU22
 117 000a 0CF1370C 		add	ip, ip, #55
 118              		.loc 1 375 21 view .LVU23
 119 000e 01F813C0 		strb	ip, [r1, r3, lsl #1]
 120              	.L10:
 376:USB_DEVICE/App/usbd_desc.c ****     }
 377:USB_DEVICE/App/usbd_desc.c **** 
 378:USB_DEVICE/App/usbd_desc.c ****     value = value << 4;
 121              		.loc 1 378 5 is_stmt 1 discriminator 2 view .LVU24
 122              		.loc 1 378 11 is_stmt 0 discriminator 2 view .LVU25
 123 0012 0001     		lsls	r0, r0, #4
 124              	.LVL6:
 379:USB_DEVICE/App/usbd_desc.c **** 
 380:USB_DEVICE/App/usbd_desc.c ****     pbuf[2 * idx + 1] = 0;
 125              		.loc 1 380 5 is_stmt 1 discriminator 2 view .LVU26
 126              		.loc 1 380 12 is_stmt 0 discriminator 2 view .LVU27
 127 0014 4FEA430C 		lsl	ip, r3, #1
 128              		.loc 1 380 9 discriminator 2 view .LVU28
 129 0018 0CF1010C 		add	ip, ip, #1
 130              		.loc 1 380 23 discriminator 2 view .LVU29
 131 001c 4FF0000E 		mov	lr, #0
 132 0020 01F80CE0 		strb	lr, [r1, ip]
 367:USB_DEVICE/App/usbd_desc.c ****   {
 133              		.loc 1 367 28 is_stmt 1 discriminator 2 view .LVU30
 367:USB_DEVICE/App/usbd_desc.c ****   {
 134              		.loc 1 367 31 is_stmt 0 discriminator 2 view .LVU31
 135 0024 0133     		adds	r3, r3, #1
ARM GAS  /tmp/ccE8QMbv.s 			page 10


 136              	.LVL7:
 367:USB_DEVICE/App/usbd_desc.c ****   {
 137              		.loc 1 367 31 discriminator 2 view .LVU32
 138 0026 DBB2     		uxtb	r3, r3
 139              	.LVL8:
 367:USB_DEVICE/App/usbd_desc.c ****   {
 140              		.loc 1 367 17 is_stmt 1 discriminator 2 view .LVU33
 367:USB_DEVICE/App/usbd_desc.c ****   {
 141              		.loc 1 367 3 is_stmt 0 discriminator 2 view .LVU34
 142 0028 9342     		cmp	r3, r2
 143 002a 09D2     		bcs	.L16
 144              	.L11:
 369:USB_DEVICE/App/usbd_desc.c ****     {
 145              		.loc 1 369 5 is_stmt 1 view .LVU35
 369:USB_DEVICE/App/usbd_desc.c ****     {
 146              		.loc 1 369 17 is_stmt 0 view .LVU36
 147 002c 4FEA107C 		lsr	ip, r0, #28
 369:USB_DEVICE/App/usbd_desc.c ****     {
 148              		.loc 1 369 8 view .LVU37
 149 0030 B0F1204F 		cmp	r0, #-1610612736
 150 0034 E9D2     		bcs	.L9
 371:USB_DEVICE/App/usbd_desc.c ****     }
 151              		.loc 1 371 7 is_stmt 1 view .LVU38
 371:USB_DEVICE/App/usbd_desc.c ****     }
 152              		.loc 1 371 37 is_stmt 0 view .LVU39
 153 0036 0CF1300C 		add	ip, ip, #48
 371:USB_DEVICE/App/usbd_desc.c ****     }
 154              		.loc 1 371 21 view .LVU40
 155 003a 01F813C0 		strb	ip, [r1, r3, lsl #1]
 156 003e E8E7     		b	.L10
 157              	.L16:
 381:USB_DEVICE/App/usbd_desc.c ****   }
 382:USB_DEVICE/App/usbd_desc.c **** }
 158              		.loc 1 382 1 view .LVU41
 159 0040 5DF804FB 		ldr	pc, [sp], #4
 160              	.L15:
 161              	.LCFI1:
 162              		.cfi_def_cfa_offset 0
 163              		.cfi_restore 14
 164              		.loc 1 382 1 view .LVU42
 165 0044 7047     		bx	lr
 166              		.cfi_endproc
 167              	.LFE76:
 169              		.section	.text.Get_SerialNum,"ax",%progbits
 170              		.align	1
 171              		.syntax unified
 172              		.thumb
 173              		.thumb_func
 174              		.fpu softvfp
 176              	Get_SerialNum:
 177              	.LFB75:
 338:USB_DEVICE/App/usbd_desc.c ****   uint32_t deviceserial0;
 178              		.loc 1 338 1 is_stmt 1 view -0
 179              		.cfi_startproc
 180              		@ args = 0, pretend = 0, frame = 0
 181              		@ frame_needed = 0, uses_anonymous_args = 0
 182 0000 38B5     		push	{r3, r4, r5, lr}
ARM GAS  /tmp/ccE8QMbv.s 			page 11


 183              	.LCFI2:
 184              		.cfi_def_cfa_offset 16
 185              		.cfi_offset 3, -16
 186              		.cfi_offset 4, -12
 187              		.cfi_offset 5, -8
 188              		.cfi_offset 14, -4
 339:USB_DEVICE/App/usbd_desc.c ****   uint32_t deviceserial1;
 189              		.loc 1 339 3 view .LVU44
 340:USB_DEVICE/App/usbd_desc.c ****   uint32_t deviceserial2;
 190              		.loc 1 340 3 view .LVU45
 341:USB_DEVICE/App/usbd_desc.c **** 
 191              		.loc 1 341 3 view .LVU46
 343:USB_DEVICE/App/usbd_desc.c ****   deviceserial1 = *(uint32_t *) DEVICE_ID2;
 192              		.loc 1 343 3 view .LVU47
 343:USB_DEVICE/App/usbd_desc.c ****   deviceserial1 = *(uint32_t *) DEVICE_ID2;
 193              		.loc 1 343 17 is_stmt 0 view .LVU48
 194 0002 0B4B     		ldr	r3, .L21
 195 0004 D3F8E807 		ldr	r0, [r3, #2024]
 196              	.LVL9:
 344:USB_DEVICE/App/usbd_desc.c ****   deviceserial2 = *(uint32_t *) DEVICE_ID3;
 197              		.loc 1 344 3 is_stmt 1 view .LVU49
 344:USB_DEVICE/App/usbd_desc.c ****   deviceserial2 = *(uint32_t *) DEVICE_ID3;
 198              		.loc 1 344 17 is_stmt 0 view .LVU50
 199 0008 D3F8EC47 		ldr	r4, [r3, #2028]
 200              	.LVL10:
 345:USB_DEVICE/App/usbd_desc.c **** 
 201              		.loc 1 345 3 is_stmt 1 view .LVU51
 345:USB_DEVICE/App/usbd_desc.c **** 
 202              		.loc 1 345 17 is_stmt 0 view .LVU52
 203 000c D3F8F037 		ldr	r3, [r3, #2032]
 204              	.LVL11:
 347:USB_DEVICE/App/usbd_desc.c **** 
 205              		.loc 1 347 3 is_stmt 1 view .LVU53
 349:USB_DEVICE/App/usbd_desc.c ****   {
 206              		.loc 1 349 3 view .LVU54
 349:USB_DEVICE/App/usbd_desc.c ****   {
 207              		.loc 1 349 6 is_stmt 0 view .LVU55
 208 0010 C018     		adds	r0, r0, r3
 209              	.LVL12:
 349:USB_DEVICE/App/usbd_desc.c ****   {
 210              		.loc 1 349 6 view .LVU56
 211 0012 00D1     		bne	.L20
 212              	.LVL13:
 213              	.L17:
 354:USB_DEVICE/App/usbd_desc.c **** 
 214              		.loc 1 354 1 view .LVU57
 215 0014 38BD     		pop	{r3, r4, r5, pc}
 216              	.LVL14:
 217              	.L20:
 351:USB_DEVICE/App/usbd_desc.c ****     IntToUnicode(deviceserial1, &USBD_StringSerial[18], 4);
 218              		.loc 1 351 5 is_stmt 1 view .LVU58
 219 0016 074D     		ldr	r5, .L21+4
 220 0018 0822     		movs	r2, #8
 221 001a A91C     		adds	r1, r5, #2
 222 001c FFF7FEFF 		bl	IntToUnicode
 223              	.LVL15:
 352:USB_DEVICE/App/usbd_desc.c ****   }
ARM GAS  /tmp/ccE8QMbv.s 			page 12


 224              		.loc 1 352 5 view .LVU59
 225 0020 0422     		movs	r2, #4
 226 0022 05F11201 		add	r1, r5, #18
 227 0026 2046     		mov	r0, r4
 228 0028 FFF7FEFF 		bl	IntToUnicode
 229              	.LVL16:
 354:USB_DEVICE/App/usbd_desc.c **** 
 230              		.loc 1 354 1 is_stmt 0 view .LVU60
 231 002c F2E7     		b	.L17
 232              	.L22:
 233 002e 00BF     		.align	2
 234              	.L21:
 235 0030 00F0FF1F 		.word	536866816
 236 0034 00000000 		.word	.LANCHOR2
 237              		.cfi_endproc
 238              	.LFE75:
 240              		.section	.text.USBD_FS_SerialStrDescriptor,"ax",%progbits
 241              		.align	1
 242              		.global	USBD_FS_SerialStrDescriptor
 243              		.syntax unified
 244              		.thumb
 245              		.thumb_func
 246              		.fpu softvfp
 248              	USBD_FS_SerialStrDescriptor:
 249              	.LVL17:
 250              	.LFB72:
 281:USB_DEVICE/App/usbd_desc.c ****   UNUSED(speed);
 251              		.loc 1 281 1 is_stmt 1 view -0
 252              		.cfi_startproc
 253              		@ args = 0, pretend = 0, frame = 0
 254              		@ frame_needed = 0, uses_anonymous_args = 0
 281:USB_DEVICE/App/usbd_desc.c ****   UNUSED(speed);
 255              		.loc 1 281 1 is_stmt 0 view .LVU62
 256 0000 08B5     		push	{r3, lr}
 257              	.LCFI3:
 258              		.cfi_def_cfa_offset 8
 259              		.cfi_offset 3, -8
 260              		.cfi_offset 14, -4
 282:USB_DEVICE/App/usbd_desc.c ****   *length = USB_SIZ_STRING_SERIAL;
 261              		.loc 1 282 3 is_stmt 1 view .LVU63
 283:USB_DEVICE/App/usbd_desc.c **** 
 262              		.loc 1 283 3 view .LVU64
 283:USB_DEVICE/App/usbd_desc.c **** 
 263              		.loc 1 283 11 is_stmt 0 view .LVU65
 264 0002 1A23     		movs	r3, #26
 265 0004 0B80     		strh	r3, [r1]	@ movhi
 287:USB_DEVICE/App/usbd_desc.c ****   /* USER CODE BEGIN USBD_FS_SerialStrDescriptor */
 266              		.loc 1 287 3 is_stmt 1 view .LVU66
 267 0006 FFF7FEFF 		bl	Get_SerialNum
 268              	.LVL18:
 291:USB_DEVICE/App/usbd_desc.c **** }
 269              		.loc 1 291 3 view .LVU67
 292:USB_DEVICE/App/usbd_desc.c **** 
 270              		.loc 1 292 1 is_stmt 0 view .LVU68
 271 000a 0148     		ldr	r0, .L25
 272 000c 08BD     		pop	{r3, pc}
 273              	.L26:
ARM GAS  /tmp/ccE8QMbv.s 			page 13


 274 000e 00BF     		.align	2
 275              	.L25:
 276 0010 00000000 		.word	.LANCHOR2
 277              		.cfi_endproc
 278              	.LFE72:
 280              		.section	.rodata.USBD_FS_ProductStrDescriptor.str1.4,"aMS",%progbits,1
 281              		.align	2
 282              	.LC0:
 283 0000 53544D33 		.ascii	"STM32 Virtual ComPort\000"
 283      32205669 
 283      72747561 
 283      6C20436F 
 283      6D506F72 
 284              		.section	.text.USBD_FS_ProductStrDescriptor,"ax",%progbits
 285              		.align	1
 286              		.global	USBD_FS_ProductStrDescriptor
 287              		.syntax unified
 288              		.thumb
 289              		.thumb_func
 290              		.fpu softvfp
 292              	USBD_FS_ProductStrDescriptor:
 293              	.LVL19:
 294              	.LFB70:
 249:USB_DEVICE/App/usbd_desc.c ****   if(speed == 0)
 295              		.loc 1 249 1 is_stmt 1 view -0
 296              		.cfi_startproc
 297              		@ args = 0, pretend = 0, frame = 0
 298              		@ frame_needed = 0, uses_anonymous_args = 0
 249:USB_DEVICE/App/usbd_desc.c ****   if(speed == 0)
 299              		.loc 1 249 1 is_stmt 0 view .LVU70
 300 0000 08B5     		push	{r3, lr}
 301              	.LCFI4:
 302              		.cfi_def_cfa_offset 8
 303              		.cfi_offset 3, -8
 304              		.cfi_offset 14, -4
 305 0002 0A46     		mov	r2, r1
 250:USB_DEVICE/App/usbd_desc.c ****   {
 306              		.loc 1 250 3 is_stmt 1 view .LVU71
 250:USB_DEVICE/App/usbd_desc.c ****   {
 307              		.loc 1 250 5 is_stmt 0 view .LVU72
 308 0004 28B9     		cbnz	r0, .L28
 252:USB_DEVICE/App/usbd_desc.c ****   }
 309              		.loc 1 252 5 is_stmt 1 view .LVU73
 310 0006 0549     		ldr	r1, .L31
 311              	.LVL20:
 252:USB_DEVICE/App/usbd_desc.c ****   }
 312              		.loc 1 252 5 is_stmt 0 view .LVU74
 313 0008 0548     		ldr	r0, .L31+4
 314              	.LVL21:
 252:USB_DEVICE/App/usbd_desc.c ****   }
 315              		.loc 1 252 5 view .LVU75
 316 000a FFF7FEFF 		bl	USBD_GetString
 317              	.LVL22:
 318              	.L29:
 258:USB_DEVICE/App/usbd_desc.c **** }
 319              		.loc 1 258 3 is_stmt 1 view .LVU76
 259:USB_DEVICE/App/usbd_desc.c **** 
ARM GAS  /tmp/ccE8QMbv.s 			page 14


 320              		.loc 1 259 1 is_stmt 0 view .LVU77
 321 000e 0348     		ldr	r0, .L31
 322 0010 08BD     		pop	{r3, pc}
 323              	.LVL23:
 324              	.L28:
 256:USB_DEVICE/App/usbd_desc.c ****   }
 325              		.loc 1 256 5 is_stmt 1 view .LVU78
 326 0012 0249     		ldr	r1, .L31
 327              	.LVL24:
 256:USB_DEVICE/App/usbd_desc.c ****   }
 328              		.loc 1 256 5 is_stmt 0 view .LVU79
 329 0014 0248     		ldr	r0, .L31+4
 330              	.LVL25:
 256:USB_DEVICE/App/usbd_desc.c ****   }
 331              		.loc 1 256 5 view .LVU80
 332 0016 FFF7FEFF 		bl	USBD_GetString
 333              	.LVL26:
 256:USB_DEVICE/App/usbd_desc.c ****   }
 334              		.loc 1 256 5 view .LVU81
 335 001a F8E7     		b	.L29
 336              	.L32:
 337              		.align	2
 338              	.L31:
 339 001c 00000000 		.word	.LANCHOR3
 340 0020 00000000 		.word	.LC0
 341              		.cfi_endproc
 342              	.LFE70:
 344              		.section	.rodata.USBD_FS_ManufacturerStrDescriptor.str1.4,"aMS",%progbits,1
 345              		.align	2
 346              	.LC1:
 347 0000 66726565 		.ascii	"freepill\000"
 347      70696C6C 
 347      00
 348              		.section	.text.USBD_FS_ManufacturerStrDescriptor,"ax",%progbits
 349              		.align	1
 350              		.global	USBD_FS_ManufacturerStrDescriptor
 351              		.syntax unified
 352              		.thumb
 353              		.thumb_func
 354              		.fpu softvfp
 356              	USBD_FS_ManufacturerStrDescriptor:
 357              	.LVL27:
 358              	.LFB71:
 268:USB_DEVICE/App/usbd_desc.c ****   UNUSED(speed);
 359              		.loc 1 268 1 is_stmt 1 view -0
 360              		.cfi_startproc
 361              		@ args = 0, pretend = 0, frame = 0
 362              		@ frame_needed = 0, uses_anonymous_args = 0
 268:USB_DEVICE/App/usbd_desc.c ****   UNUSED(speed);
 363              		.loc 1 268 1 is_stmt 0 view .LVU83
 364 0000 10B5     		push	{r4, lr}
 365              	.LCFI5:
 366              		.cfi_def_cfa_offset 8
 367              		.cfi_offset 4, -8
 368              		.cfi_offset 14, -4
 369 0002 0A46     		mov	r2, r1
 269:USB_DEVICE/App/usbd_desc.c ****   USBD_GetString((uint8_t *)USBD_MANUFACTURER_STRING, USBD_StrDesc, length);
ARM GAS  /tmp/ccE8QMbv.s 			page 15


 370              		.loc 1 269 3 is_stmt 1 view .LVU84
 270:USB_DEVICE/App/usbd_desc.c ****   return USBD_StrDesc;
 371              		.loc 1 270 3 view .LVU85
 372 0004 034C     		ldr	r4, .L35
 373 0006 2146     		mov	r1, r4
 374              	.LVL28:
 270:USB_DEVICE/App/usbd_desc.c ****   return USBD_StrDesc;
 375              		.loc 1 270 3 is_stmt 0 view .LVU86
 376 0008 0348     		ldr	r0, .L35+4
 377              	.LVL29:
 270:USB_DEVICE/App/usbd_desc.c ****   return USBD_StrDesc;
 378              		.loc 1 270 3 view .LVU87
 379 000a FFF7FEFF 		bl	USBD_GetString
 380              	.LVL30:
 271:USB_DEVICE/App/usbd_desc.c **** }
 381              		.loc 1 271 3 is_stmt 1 view .LVU88
 272:USB_DEVICE/App/usbd_desc.c **** 
 382              		.loc 1 272 1 is_stmt 0 view .LVU89
 383 000e 2046     		mov	r0, r4
 384 0010 10BD     		pop	{r4, pc}
 385              	.L36:
 386 0012 00BF     		.align	2
 387              	.L35:
 388 0014 00000000 		.word	.LANCHOR3
 389 0018 00000000 		.word	.LC1
 390              		.cfi_endproc
 391              	.LFE71:
 393              		.section	.rodata.USBD_FS_ConfigStrDescriptor.str1.4,"aMS",%progbits,1
 394              		.align	2
 395              	.LC2:
 396 0000 43444320 		.ascii	"CDC Config\000"
 396      436F6E66 
 396      696700
 397              		.section	.text.USBD_FS_ConfigStrDescriptor,"ax",%progbits
 398              		.align	1
 399              		.global	USBD_FS_ConfigStrDescriptor
 400              		.syntax unified
 401              		.thumb
 402              		.thumb_func
 403              		.fpu softvfp
 405              	USBD_FS_ConfigStrDescriptor:
 406              	.LVL31:
 407              	.LFB73:
 301:USB_DEVICE/App/usbd_desc.c ****   if(speed == USBD_SPEED_HIGH)
 408              		.loc 1 301 1 is_stmt 1 view -0
 409              		.cfi_startproc
 410              		@ args = 0, pretend = 0, frame = 0
 411              		@ frame_needed = 0, uses_anonymous_args = 0
 301:USB_DEVICE/App/usbd_desc.c ****   if(speed == USBD_SPEED_HIGH)
 412              		.loc 1 301 1 is_stmt 0 view .LVU91
 413 0000 08B5     		push	{r3, lr}
 414              	.LCFI6:
 415              		.cfi_def_cfa_offset 8
 416              		.cfi_offset 3, -8
 417              		.cfi_offset 14, -4
 418 0002 0A46     		mov	r2, r1
 302:USB_DEVICE/App/usbd_desc.c ****   {
ARM GAS  /tmp/ccE8QMbv.s 			page 16


 419              		.loc 1 302 3 is_stmt 1 view .LVU92
 302:USB_DEVICE/App/usbd_desc.c ****   {
 420              		.loc 1 302 5 is_stmt 0 view .LVU93
 421 0004 28B9     		cbnz	r0, .L38
 304:USB_DEVICE/App/usbd_desc.c ****   }
 422              		.loc 1 304 5 is_stmt 1 view .LVU94
 423 0006 0549     		ldr	r1, .L41
 424              	.LVL32:
 304:USB_DEVICE/App/usbd_desc.c ****   }
 425              		.loc 1 304 5 is_stmt 0 view .LVU95
 426 0008 0548     		ldr	r0, .L41+4
 427              	.LVL33:
 304:USB_DEVICE/App/usbd_desc.c ****   }
 428              		.loc 1 304 5 view .LVU96
 429 000a FFF7FEFF 		bl	USBD_GetString
 430              	.LVL34:
 431              	.L39:
 310:USB_DEVICE/App/usbd_desc.c **** }
 432              		.loc 1 310 3 is_stmt 1 view .LVU97
 311:USB_DEVICE/App/usbd_desc.c **** 
 433              		.loc 1 311 1 is_stmt 0 view .LVU98
 434 000e 0348     		ldr	r0, .L41
 435 0010 08BD     		pop	{r3, pc}
 436              	.LVL35:
 437              	.L38:
 308:USB_DEVICE/App/usbd_desc.c ****   }
 438              		.loc 1 308 5 is_stmt 1 view .LVU99
 439 0012 0249     		ldr	r1, .L41
 440              	.LVL36:
 308:USB_DEVICE/App/usbd_desc.c ****   }
 441              		.loc 1 308 5 is_stmt 0 view .LVU100
 442 0014 0248     		ldr	r0, .L41+4
 443              	.LVL37:
 308:USB_DEVICE/App/usbd_desc.c ****   }
 444              		.loc 1 308 5 view .LVU101
 445 0016 FFF7FEFF 		bl	USBD_GetString
 446              	.LVL38:
 308:USB_DEVICE/App/usbd_desc.c ****   }
 447              		.loc 1 308 5 view .LVU102
 448 001a F8E7     		b	.L39
 449              	.L42:
 450              		.align	2
 451              	.L41:
 452 001c 00000000 		.word	.LANCHOR3
 453 0020 00000000 		.word	.LC2
 454              		.cfi_endproc
 455              	.LFE73:
 457              		.section	.rodata.USBD_FS_InterfaceStrDescriptor.str1.4,"aMS",%progbits,1
 458              		.align	2
 459              	.LC3:
 460 0000 43444320 		.ascii	"CDC Interface\000"
 460      496E7465 
 460      72666163 
 460      6500
 461              		.section	.text.USBD_FS_InterfaceStrDescriptor,"ax",%progbits
 462              		.align	1
 463              		.global	USBD_FS_InterfaceStrDescriptor
ARM GAS  /tmp/ccE8QMbv.s 			page 17


 464              		.syntax unified
 465              		.thumb
 466              		.thumb_func
 467              		.fpu softvfp
 469              	USBD_FS_InterfaceStrDescriptor:
 470              	.LVL39:
 471              	.LFB74:
 320:USB_DEVICE/App/usbd_desc.c ****   if(speed == 0)
 472              		.loc 1 320 1 is_stmt 1 view -0
 473              		.cfi_startproc
 474              		@ args = 0, pretend = 0, frame = 0
 475              		@ frame_needed = 0, uses_anonymous_args = 0
 320:USB_DEVICE/App/usbd_desc.c ****   if(speed == 0)
 476              		.loc 1 320 1 is_stmt 0 view .LVU104
 477 0000 08B5     		push	{r3, lr}
 478              	.LCFI7:
 479              		.cfi_def_cfa_offset 8
 480              		.cfi_offset 3, -8
 481              		.cfi_offset 14, -4
 482 0002 0A46     		mov	r2, r1
 321:USB_DEVICE/App/usbd_desc.c ****   {
 483              		.loc 1 321 3 is_stmt 1 view .LVU105
 321:USB_DEVICE/App/usbd_desc.c ****   {
 484              		.loc 1 321 5 is_stmt 0 view .LVU106
 485 0004 28B9     		cbnz	r0, .L44
 323:USB_DEVICE/App/usbd_desc.c ****   }
 486              		.loc 1 323 5 is_stmt 1 view .LVU107
 487 0006 0549     		ldr	r1, .L47
 488              	.LVL40:
 323:USB_DEVICE/App/usbd_desc.c ****   }
 489              		.loc 1 323 5 is_stmt 0 view .LVU108
 490 0008 0548     		ldr	r0, .L47+4
 491              	.LVL41:
 323:USB_DEVICE/App/usbd_desc.c ****   }
 492              		.loc 1 323 5 view .LVU109
 493 000a FFF7FEFF 		bl	USBD_GetString
 494              	.LVL42:
 495              	.L45:
 329:USB_DEVICE/App/usbd_desc.c **** }
 496              		.loc 1 329 3 is_stmt 1 view .LVU110
 330:USB_DEVICE/App/usbd_desc.c **** 
 497              		.loc 1 330 1 is_stmt 0 view .LVU111
 498 000e 0348     		ldr	r0, .L47
 499 0010 08BD     		pop	{r3, pc}
 500              	.LVL43:
 501              	.L44:
 327:USB_DEVICE/App/usbd_desc.c ****   }
 502              		.loc 1 327 5 is_stmt 1 view .LVU112
 503 0012 0249     		ldr	r1, .L47
 504              	.LVL44:
 327:USB_DEVICE/App/usbd_desc.c ****   }
 505              		.loc 1 327 5 is_stmt 0 view .LVU113
 506 0014 0248     		ldr	r0, .L47+4
 507              	.LVL45:
 327:USB_DEVICE/App/usbd_desc.c ****   }
 508              		.loc 1 327 5 view .LVU114
 509 0016 FFF7FEFF 		bl	USBD_GetString
ARM GAS  /tmp/ccE8QMbv.s 			page 18


 510              	.LVL46:
 327:USB_DEVICE/App/usbd_desc.c ****   }
 511              		.loc 1 327 5 view .LVU115
 512 001a F8E7     		b	.L45
 513              	.L48:
 514              		.align	2
 515              	.L47:
 516 001c 00000000 		.word	.LANCHOR3
 517 0020 00000000 		.word	.LC3
 518              		.cfi_endproc
 519              	.LFE74:
 521              		.global	USBD_StringSerial
 522              		.global	USBD_StrDesc
 523              		.global	USBD_LangIDDesc
 524              		.global	USBD_FS_DeviceDesc
 525              		.global	FS_Desc
 526              		.section	.bss.USBD_StrDesc,"aw",%nobits
 527              		.align	2
 528              		.set	.LANCHOR3,. + 0
 531              	USBD_StrDesc:
 532 0000 00000000 		.space	512
 532      00000000 
 532      00000000 
 532      00000000 
 532      00000000 
 533              		.section	.data.FS_Desc,"aw"
 534              		.align	2
 537              	FS_Desc:
 538 0000 00000000 		.word	USBD_FS_DeviceDescriptor
 539 0004 00000000 		.word	USBD_FS_LangIDStrDescriptor
 540 0008 00000000 		.word	USBD_FS_ManufacturerStrDescriptor
 541 000c 00000000 		.word	USBD_FS_ProductStrDescriptor
 542 0010 00000000 		.word	USBD_FS_SerialStrDescriptor
 543 0014 00000000 		.word	USBD_FS_ConfigStrDescriptor
 544 0018 00000000 		.word	USBD_FS_InterfaceStrDescriptor
 545              		.section	.data.USBD_FS_DeviceDesc,"aw"
 546              		.align	2
 547              		.set	.LANCHOR0,. + 0
 550              	USBD_FS_DeviceDesc:
 551 0000 12010002 		.ascii	"\022\001\000\002\002\002\000@\203\004@W\000\002\001"
 551      02020040 
 551      83044057 
 551      000201
 552 000f 020301   		.ascii	"\002\003\001"
 553              		.section	.data.USBD_LangIDDesc,"aw"
 554              		.align	2
 555              		.set	.LANCHOR1,. + 0
 558              	USBD_LangIDDesc:
 559 0000 04030904 		.ascii	"\004\003\011\004"
 560              		.section	.data.USBD_StringSerial,"aw"
 561              		.align	2
 562              		.set	.LANCHOR2,. + 0
 565              	USBD_StringSerial:
 566 0000 1A0300   		.ascii	"\032\003\000"
 567 0003 00000000 		.space	23
 567      00000000 
 567      00000000 
ARM GAS  /tmp/ccE8QMbv.s 			page 19


 567      00000000 
 567      00000000 
 568              		.text
 569              	.Letext0:
 570              		.file 2 "/usr/include/newlib/machine/_default_types.h"
 571              		.file 3 "/usr/include/newlib/sys/_stdint.h"
 572              		.file 4 "Middlewares/ST/STM32_USB_Device_Library/Core/Inc/usbd_def.h"
 573              		.file 5 "USB_DEVICE/App/usbd_desc.h"
 574              		.file 6 "Middlewares/ST/STM32_USB_Device_Library/Core/Inc/usbd_ctlreq.h"
ARM GAS  /tmp/ccE8QMbv.s 			page 20


DEFINED SYMBOLS
                            *ABS*:0000000000000000 usbd_desc.c
     /tmp/ccE8QMbv.s:16     .text.USBD_FS_DeviceDescriptor:0000000000000000 $t
     /tmp/ccE8QMbv.s:24     .text.USBD_FS_DeviceDescriptor:0000000000000000 USBD_FS_DeviceDescriptor
     /tmp/ccE8QMbv.s:47     .text.USBD_FS_DeviceDescriptor:0000000000000008 $d
     /tmp/ccE8QMbv.s:52     .text.USBD_FS_LangIDStrDescriptor:0000000000000000 $t
     /tmp/ccE8QMbv.s:59     .text.USBD_FS_LangIDStrDescriptor:0000000000000000 USBD_FS_LangIDStrDescriptor
     /tmp/ccE8QMbv.s:81     .text.USBD_FS_LangIDStrDescriptor:0000000000000008 $d
     /tmp/ccE8QMbv.s:86     .text.IntToUnicode:0000000000000000 $t
     /tmp/ccE8QMbv.s:92     .text.IntToUnicode:0000000000000000 IntToUnicode
     /tmp/ccE8QMbv.s:170    .text.Get_SerialNum:0000000000000000 $t
     /tmp/ccE8QMbv.s:176    .text.Get_SerialNum:0000000000000000 Get_SerialNum
     /tmp/ccE8QMbv.s:235    .text.Get_SerialNum:0000000000000030 $d
     /tmp/ccE8QMbv.s:241    .text.USBD_FS_SerialStrDescriptor:0000000000000000 $t
     /tmp/ccE8QMbv.s:248    .text.USBD_FS_SerialStrDescriptor:0000000000000000 USBD_FS_SerialStrDescriptor
     /tmp/ccE8QMbv.s:276    .text.USBD_FS_SerialStrDescriptor:0000000000000010 $d
     /tmp/ccE8QMbv.s:281    .rodata.USBD_FS_ProductStrDescriptor.str1.4:0000000000000000 $d
     /tmp/ccE8QMbv.s:285    .text.USBD_FS_ProductStrDescriptor:0000000000000000 $t
     /tmp/ccE8QMbv.s:292    .text.USBD_FS_ProductStrDescriptor:0000000000000000 USBD_FS_ProductStrDescriptor
     /tmp/ccE8QMbv.s:339    .text.USBD_FS_ProductStrDescriptor:000000000000001c $d
     /tmp/ccE8QMbv.s:345    .rodata.USBD_FS_ManufacturerStrDescriptor.str1.4:0000000000000000 $d
     /tmp/ccE8QMbv.s:349    .text.USBD_FS_ManufacturerStrDescriptor:0000000000000000 $t
     /tmp/ccE8QMbv.s:356    .text.USBD_FS_ManufacturerStrDescriptor:0000000000000000 USBD_FS_ManufacturerStrDescriptor
     /tmp/ccE8QMbv.s:388    .text.USBD_FS_ManufacturerStrDescriptor:0000000000000014 $d
     /tmp/ccE8QMbv.s:394    .rodata.USBD_FS_ConfigStrDescriptor.str1.4:0000000000000000 $d
     /tmp/ccE8QMbv.s:398    .text.USBD_FS_ConfigStrDescriptor:0000000000000000 $t
     /tmp/ccE8QMbv.s:405    .text.USBD_FS_ConfigStrDescriptor:0000000000000000 USBD_FS_ConfigStrDescriptor
     /tmp/ccE8QMbv.s:452    .text.USBD_FS_ConfigStrDescriptor:000000000000001c $d
     /tmp/ccE8QMbv.s:458    .rodata.USBD_FS_InterfaceStrDescriptor.str1.4:0000000000000000 $d
     /tmp/ccE8QMbv.s:462    .text.USBD_FS_InterfaceStrDescriptor:0000000000000000 $t
     /tmp/ccE8QMbv.s:469    .text.USBD_FS_InterfaceStrDescriptor:0000000000000000 USBD_FS_InterfaceStrDescriptor
     /tmp/ccE8QMbv.s:516    .text.USBD_FS_InterfaceStrDescriptor:000000000000001c $d
     /tmp/ccE8QMbv.s:565    .data.USBD_StringSerial:0000000000000000 USBD_StringSerial
     /tmp/ccE8QMbv.s:531    .bss.USBD_StrDesc:0000000000000000 USBD_StrDesc
     /tmp/ccE8QMbv.s:558    .data.USBD_LangIDDesc:0000000000000000 USBD_LangIDDesc
     /tmp/ccE8QMbv.s:550    .data.USBD_FS_DeviceDesc:0000000000000000 USBD_FS_DeviceDesc
     /tmp/ccE8QMbv.s:537    .data.FS_Desc:0000000000000000 FS_Desc
     /tmp/ccE8QMbv.s:527    .bss.USBD_StrDesc:0000000000000000 $d
     /tmp/ccE8QMbv.s:534    .data.FS_Desc:0000000000000000 $d
     /tmp/ccE8QMbv.s:546    .data.USBD_FS_DeviceDesc:0000000000000000 $d
     /tmp/ccE8QMbv.s:554    .data.USBD_LangIDDesc:0000000000000000 $d
     /tmp/ccE8QMbv.s:561    .data.USBD_StringSerial:0000000000000000 $d

UNDEFINED SYMBOLS
USBD_GetString
